Using pre-set license
Built from '2020.3/staging' branch; Version is '2020.3.6f1 (338bb68529b2) revision 3378102'; Using compiler version '192528614'; Build Type 'Release'
OS: 'Windows 10 Home; OS build 19042.1052; Version 2009; 64bit' Language: 'nl' Physical Memory: 16272 MB
BatchMode: 1, IsHumanControllingUs: 0, StartBugReporterOnCrash: 0, Is64bit: 1, IsPro: 0

 COMMAND LINE ARGUMENTS:
C:\Program Files\Unity\Hub\Editor\2020.3.6f1\Editor\Unity.exe
-adb2
-batchMode
-noUpm
-name
AssetImportWorker0
-projectPath
C:/Users/fpwee/f1m1/MA/Bewijzenmap/Periode4/FreeAgentsGames/BeroepsOpdrachtES-master/BeroepsOpdrachtES-master
-logFile
Logs/AssetImportWorker0.log
-srvPort
53574
Successfully changed project path to: C:/Users/fpwee/f1m1/MA/Bewijzenmap/Periode4/FreeAgentsGames/BeroepsOpdrachtES-master/BeroepsOpdrachtES-master
C:/Users/fpwee/f1m1/MA/Bewijzenmap/Periode4/FreeAgentsGames/BeroepsOpdrachtES-master/BeroepsOpdrachtES-master
Using Asset Import Pipeline V2.
Refreshing native plugins compatible for Editor in 32.91 ms, found 2 plugins.
Preloading 0 native plugins for Editor in 0.00 ms.
Initialize engine version: 2020.3.6f1 (338bb68529b2)
[Subsystems] Discovering subsystems at path C:/Program Files/Unity/Hub/Editor/2020.3.6f1/Editor/Data/Resources/UnitySubsystems
[Subsystems] Discovering subsystems at path C:/Users/fpwee/f1m1/MA/Bewijzenmap/Periode4/FreeAgentsGames/BeroepsOpdrachtES-master/BeroepsOpdrachtES-master/Assets
GfxDevice: creating device client; threaded=0
Direct3D:
    Version:  Direct3D 11.0 [level 11.1]
    Renderer: NVIDIA GeForce GTX 1050 Ti (ID=0x1c8c)
    Vendor:   
    VRAM:     4018 MB
    Driver:   27.21.14.6230
Initialize mono
Mono path[0] = 'C:/Program Files/Unity/Hub/Editor/2020.3.6f1/Editor/Data/Managed'
Mono path[1] = 'C:/Program Files/Unity/Hub/Editor/2020.3.6f1/Editor/Data/MonoBleedingEdge/lib/mono/unityjit'
Mono config path = 'C:/Program Files/Unity/Hub/Editor/2020.3.6f1/Editor/Data/MonoBleedingEdge/etc'
Using monoOptions --debugger-agent=transport=dt_socket,embedding=1,server=y,suspend=n,address=127.0.0.1:56864
Begin MonoManager ReloadAssembly
Registering precompiled unity dll's ...
Register platform support module: C:/Program Files/Unity/Hub/Editor/2020.3.6f1/Editor/Data/PlaybackEngines/WindowsStandaloneSupport/UnityEditor.WindowsStandalone.Extensions.dll
Registered in 0.002454 seconds.
Native extension for WindowsStandalone target not found
Refreshing native plugins compatible for Editor in 32.05 ms, found 2 plugins.
Preloading 0 native plugins for Editor in 0.00 ms.
Mono: successfully reloaded assembly
- Completed reload, in  1.156 seconds
Platform modules already initialized, skipping
Registering precompiled user dll's ...
Registered in 0.005394 seconds.
Begin MonoManager ReloadAssembly
Native extension for WindowsStandalone target not found
Refreshing native plugins compatible for Editor in 0.35 ms, found 2 plugins.
Preloading 0 native plugins for Editor in 0.00 ms.
Mono: successfully reloaded assembly
- Completed reload, in  1.010 seconds
Platform modules already initialized, skipping
========================================================================
Worker process is ready to serve import requests
Launched and connected shader compiler UnityShaderCompiler.exe after 0.06 seconds
Refreshing native plugins compatible for Editor in 0.42 ms, found 2 plugins.
Preloading 0 native plugins for Editor in 0.00 ms.
Unloading 1524 Unused Serialized files (Serialized files now loaded: 0)
System memory in use before: 75.9 MB.
System memory in use after: 76.0 MB.

Unloading 18 unused Assets to reduce memory usage. Loaded Objects now: 1963.
Total: 1.931800 ms (FindLiveObjects: 0.160500 ms CreateObjectMapping: 0.038100 ms MarkObjects: 1.674500 ms  DeleteObjects: 0.057700 ms)

========================================================================
Received Import Request.
  path: Assets/Scripts
  artifactKey: Guid(f48ff5213b2a1f64ba0825c049339566) Importer(815301076,1909f56bfc062723c751e8b465ee728b)
Start importing Assets/Scripts using Guid(f48ff5213b2a1f64ba0825c049339566) Importer(815301076,1909f56bfc062723c751e8b465ee728b)  -> (artifact id: 'f62b2bd63fd6ec0019b28ab9418a2560') in 0.005094 seconds
  Import took 0.007473 seconds .

========================================================================
Received Import Request.
  Time since last request: 60.918942 seconds.
  path: Assets/Scripts/EnemyScripts
  artifactKey: Guid(857cd1fed1e0fa04ba8ded10ae54d323) Importer(815301076,1909f56bfc062723c751e8b465ee728b)
Start importing Assets/Scripts/EnemyScripts using Guid(857cd1fed1e0fa04ba8ded10ae54d323) Importer(815301076,1909f56bfc062723c751e8b465ee728b)  -> (artifact id: 'c230382b3cd5862c750e11fb25592bb4') in 0.004043 seconds
  Import took 0.006554 seconds .

========================================================================
Received Prepare
Registering precompiled user dll's ...
Registered in 0.006558 seconds.
Begin MonoManager ReloadAssembly
Native extension for WindowsStandalone target not found
Refreshing native plugins compatible for Editor in 0.32 ms, found 2 plugins.
Preloading 0 native plugins for Editor in 0.00 ms.
Mono: successfully reloaded assembly
- Completed reload, in  0.931 seconds
Platform modules already initialized, skipping
Refreshing native plugins compatible for Editor in 0.35 ms, found 2 plugins.
Preloading 0 native plugins for Editor in 0.00 ms.
Unloading 1475 Unused Serialized files (Serialized files now loaded: 0)
System memory in use before: 72.9 MB.
System memory in use after: 73.0 MB.

Unloading 13 unused Assets to reduce memory usage. Loaded Objects now: 1966.
Total: 2.835600 ms (FindLiveObjects: 0.165100 ms CreateObjectMapping: 0.049000 ms MarkObjects: 2.598900 ms  DeleteObjects: 0.020800 ms)

========================================================================
Received Import Request.
  Time since last request: 59.448525 seconds.
  path: Assets/Scripts/EnemyScripts
  artifactKey: Guid(eb3f0a8204cc957408e24b9e94c8d71b) Importer(815301076,1909f56bfc062723c751e8b465ee728b)
Start importing Assets/Scripts/EnemyScripts using Guid(eb3f0a8204cc957408e24b9e94c8d71b) Importer(815301076,1909f56bfc062723c751e8b465ee728b)  -> (artifact id: '60b66f2c4449f1299cc24eec983f6abc') in 0.005541 seconds
  Import took 0.007914 seconds .

========================================================================
Received Import Request.
  Time since last request: 1.817778 seconds.
  path: Assets/Scripts/GameOverMenuScripts
  artifactKey: Guid(04e61385b8b51164fab271fc73b1bfee) Importer(815301076,1909f56bfc062723c751e8b465ee728b)
Start importing Assets/Scripts/GameOverMenuScripts using Guid(04e61385b8b51164fab271fc73b1bfee) Importer(815301076,1909f56bfc062723c751e8b465ee728b)  -> (artifact id: '4e7f6bca07c332a967e29f97566fca58') in 0.006268 seconds
  Import took 0.009565 seconds .

========================================================================
Received Import Request.
  Time since last request: 1.358637 seconds.
  path: Assets/Scripts/GameOverMenuScripts/GameOverHandler.cs
  artifactKey: Guid(2f6a7b75cb08e80429c195ca4efc5854) Importer(815301076,1909f56bfc062723c751e8b465ee728b)
Start importing Assets/Scripts/GameOverMenuScripts/GameOverHandler.cs using Guid(2f6a7b75cb08e80429c195ca4efc5854) Importer(815301076,1909f56bfc062723c751e8b465ee728b)  -> (artifact id: 'acfb40741f96325b6efa86ac2cb2a37d') in 0.020799 seconds
  Import took 0.023132 seconds .

========================================================================
Received Import Request.
  Time since last request: 0.007420 seconds.
  path: Assets/Scripts/GameOverMenuScripts/GameOverHandler.cs
  artifactKey: Guid(2f6a7b75cb08e80429c195ca4efc5854) Importer(815301076,1909f56bfc062723c751e8b465ee728b)
Start importing Assets/Scripts/GameOverMenuScripts/GameOverHandler.cs using Guid(2f6a7b75cb08e80429c195ca4efc5854) Importer(815301076,1909f56bfc062723c751e8b465ee728b)  -> (artifact id: 'acfb40741f96325b6efa86ac2cb2a37d') in 0.003795 seconds
  Import took 0.006447 seconds .

========================================================================
Received Import Request.
  Time since last request: 1.176391 seconds.
  path: Assets/Scripts/LevelScripts
  artifactKey: Guid(25cb89af3667c854a93fae48ee819830) Importer(815301076,1909f56bfc062723c751e8b465ee728b)
Start importing Assets/Scripts/LevelScripts using Guid(25cb89af3667c854a93fae48ee819830) Importer(815301076,1909f56bfc062723c751e8b465ee728b)  -> (artifact id: 'd64df1ea99d09a0cf5e8809f48f4b361') in 0.004566 seconds
  Import took 0.007382 seconds .

========================================================================
Received Import Request.
  Time since last request: 3.529167 seconds.
  path: Assets/Scripts/LevelScripts/RespawnScript.cs
  artifactKey: Guid(6761242dfa115bb4b83d01910d2c040e) Importer(815301076,1909f56bfc062723c751e8b465ee728b)
Start importing Assets/Scripts/LevelScripts/RespawnScript.cs using Guid(6761242dfa115bb4b83d01910d2c040e) Importer(815301076,1909f56bfc062723c751e8b465ee728b)  -> (artifact id: '0282485432ab50d08ef3f287d805b3b9') in 0.004693 seconds
  Import took 0.007104 seconds .

========================================================================
Received Import Request.
  Time since last request: 0.001059 seconds.
  path: Assets/Scripts/LevelScripts/RespawnScript.cs
  artifactKey: Guid(6761242dfa115bb4b83d01910d2c040e) Importer(815301076,1909f56bfc062723c751e8b465ee728b)
Start importing Assets/Scripts/LevelScripts/RespawnScript.cs using Guid(6761242dfa115bb4b83d01910d2c040e) Importer(815301076,1909f56bfc062723c751e8b465ee728b)  -> (artifact id: '0282485432ab50d08ef3f287d805b3b9') in 0.003321 seconds
  Import took 0.005790 seconds .

========================================================================
Received Import Request.
  Time since last request: 9.780083 seconds.
  path: Assets/Scripts/MainMenuScripts
  artifactKey: Guid(dcd97b9875c8cfe4fa53d3bb4585c273) Importer(815301076,1909f56bfc062723c751e8b465ee728b)
Start importing Assets/Scripts/MainMenuScripts using Guid(dcd97b9875c8cfe4fa53d3bb4585c273) Importer(815301076,1909f56bfc062723c751e8b465ee728b)  -> (artifact id: '236e42cc7547e1948fe2d45c1b1f1466') in 0.004251 seconds
  Import took 0.006586 seconds .

========================================================================
Received Import Request.
  Time since last request: 4.527499 seconds.
  path: Assets/Scripts/MainMenuScripts/PauseMenuButtonsScript.cs
  artifactKey: Guid(ea44f0a5e8ac04c4586270799ae5d819) Importer(815301076,1909f56bfc062723c751e8b465ee728b)
Start importing Assets/Scripts/MainMenuScripts/PauseMenuButtonsScript.cs using Guid(ea44f0a5e8ac04c4586270799ae5d819) Importer(815301076,1909f56bfc062723c751e8b465ee728b)  -> (artifact id: 'a99268a505505f6a7e0c124f3a46b294') in 0.004480 seconds
  Import took 0.007475 seconds .

========================================================================
Received Import Request.
  Time since last request: 0.002324 seconds.
  path: Assets/Scripts/MainMenuScripts/PauseMenuButtonsScript.cs
  artifactKey: Guid(ea44f0a5e8ac04c4586270799ae5d819) Importer(815301076,1909f56bfc062723c751e8b465ee728b)
Start importing Assets/Scripts/MainMenuScripts/PauseMenuButtonsScript.cs using Guid(ea44f0a5e8ac04c4586270799ae5d819) Importer(815301076,1909f56bfc062723c751e8b465ee728b)  -> (artifact id: 'a99268a505505f6a7e0c124f3a46b294') in 0.004043 seconds
  Import took 0.006951 seconds .

========================================================================
Received Import Request.
  Time since last request: 5.294778 seconds.
  path: Assets/Scripts/other
  artifactKey: Guid(39a4e3aac57859e4994d9568195f8a63) Importer(815301076,1909f56bfc062723c751e8b465ee728b)
Start importing Assets/Scripts/other using Guid(39a4e3aac57859e4994d9568195f8a63) Importer(815301076,1909f56bfc062723c751e8b465ee728b)  -> (artifact id: '10caf456f07c579f349373413fea4d5b') in 0.004117 seconds
  Import took 0.006441 seconds .

========================================================================
Received Import Request.
  Time since last request: 2.209288 seconds.
  path: Assets/Scripts/PlayerScript
  artifactKey: Guid(5cb65cb7918e2b549a0eababbb97ae9b) Importer(815301076,1909f56bfc062723c751e8b465ee728b)
Start importing Assets/Scripts/PlayerScript using Guid(5cb65cb7918e2b549a0eababbb97ae9b) Importer(815301076,1909f56bfc062723c751e8b465ee728b)  -> (artifact id: 'c3be35d4506d4c9b188886cb71c060c8') in 0.003339 seconds
  Import took 0.005815 seconds .

========================================================================
Received Import Request.
  Time since last request: 22.204729 seconds.
  path: Assets/Scripts/PlayerScript/Camera_Follow.cs
  artifactKey: Guid(36718b1755e2a7149942d3d4c90b12b1) Importer(815301076,1909f56bfc062723c751e8b465ee728b)
Start importing Assets/Scripts/PlayerScript/Camera_Follow.cs using Guid(36718b1755e2a7149942d3d4c90b12b1) Importer(815301076,1909f56bfc062723c751e8b465ee728b)  -> (artifact id: 'ca91f0f56a87addb235c278df9056beb') in 0.003336 seconds
  Import took 0.005767 seconds .

========================================================================
Received Import Request.
  Time since last request: 39.463851 seconds.
  path: Assets/Scripts/LevelScripts/CoinScript.cs
  artifactKey: Guid(5a08b0b20ecc6b641a047a4af80fb34e) Importer(815301076,1909f56bfc062723c751e8b465ee728b)
Start importing Assets/Scripts/LevelScripts/CoinScript.cs using Guid(5a08b0b20ecc6b641a047a4af80fb34e) Importer(815301076,1909f56bfc062723c751e8b465ee728b)  -> (artifact id: '21a8db7e833870a2e0ab3028332b80bd') in 0.005353 seconds
  Import took 0.008364 seconds .

========================================================================
Received Import Request.
  Time since last request: 0.434794 seconds.
  path: Assets/Scripts/LevelScripts/GetHitByEnemy.cs
  artifactKey: Guid(7628b423ccd9aa940bccbc2e5c76bf51) Importer(815301076,1909f56bfc062723c751e8b465ee728b)
Start importing Assets/Scripts/LevelScripts/GetHitByEnemy.cs using Guid(7628b423ccd9aa940bccbc2e5c76bf51) Importer(815301076,1909f56bfc062723c751e8b465ee728b)  -> (artifact id: 'e15114b33d067d98eaf935260a4e1b2a') in 0.005506 seconds
  Import took 0.008627 seconds .

========================================================================
Received Import Request.
  Time since last request: 11.238444 seconds.
  path: Assets/Scripts/other/CameraFollow2ndCam.cs
  artifactKey: Guid(da65c199e03b58a4384c0cda59e74e79) Importer(815301076,1909f56bfc062723c751e8b465ee728b)
Start importing Assets/Scripts/other/CameraFollow2ndCam.cs using Guid(da65c199e03b58a4384c0cda59e74e79) Importer(815301076,1909f56bfc062723c751e8b465ee728b)  -> (artifact id: '56726ec0b303b2ea4d252ddcf0687ea3') in 0.004486 seconds
  Import took 0.007035 seconds .

========================================================================
Received Prepare
Registering precompiled user dll's ...
Registered in 0.004910 seconds.
Begin MonoManager ReloadAssembly
Native extension for WindowsStandalone target not found
Refreshing native plugins compatible for Editor in 0.33 ms, found 2 plugins.
Preloading 0 native plugins for Editor in 0.00 ms.
Mono: successfully reloaded assembly
- Completed reload, in  0.978 seconds
Platform modules already initialized, skipping
Refreshing native plugins compatible for Editor in 0.34 ms, found 2 plugins.
Preloading 0 native plugins for Editor in 0.00 ms.
Unloading 1492 Unused Serialized files (Serialized files now loaded: 0)
System memory in use before: 73.3 MB.
System memory in use after: 73.4 MB.

Unloading 13 unused Assets to reduce memory usage. Loaded Objects now: 1971.
Total: 2.117200 ms (FindLiveObjects: 0.157600 ms CreateObjectMapping: 0.040900 ms MarkObjects: 1.900700 ms  DeleteObjects: 0.017000 ms)

========================================================================
Received Prepare
Registering precompiled user dll's ...
Registered in 0.005166 seconds.
Begin MonoManager ReloadAssembly
Native extension for WindowsStandalone target not found
Refreshing native plugins compatible for Editor in 0.33 ms, found 2 plugins.
Preloading 0 native plugins for Editor in 0.00 ms.
Mono: successfully reloaded assembly
- Completed reload, in  0.919 seconds
Platform modules already initialized, skipping
Refreshing native plugins compatible for Editor in 0.38 ms, found 2 plugins.
Preloading 0 native plugins for Editor in 0.00 ms.
Unloading 1492 Unused Serialized files (Serialized files now loaded: 0)
System memory in use before: 73.3 MB.
System memory in use after: 73.4 MB.

Unloading 13 unused Assets to reduce memory usage. Loaded Objects now: 1974.
Total: 2.476300 ms (FindLiveObjects: 0.163900 ms CreateObjectMapping: 0.039500 ms MarkObjects: 2.247500 ms  DeleteObjects: 0.023900 ms)

========================================================================
Received Import Request.
  Time since last request: 46.498306 seconds.
  path: Assets/UI
  artifactKey: Guid(dddaa17ea31b3df4f88b5d61be911e0a) Importer(815301076,1909f56bfc062723c751e8b465ee728b)
Start importing Assets/UI using Guid(dddaa17ea31b3df4f88b5d61be911e0a) Importer(815301076,1909f56bfc062723c751e8b465ee728b)  -> (artifact id: '50a3000f2b5acd1502923ff8f72c56e8') in 0.009757 seconds
  Import took 0.013101 seconds .

========================================================================
Received Import Request.
  Time since last request: 0.017994 seconds.
  path: Assets/UI/Charakter hoofd.png
  artifactKey: Guid(32026811e002b004b81dc209bee78a9b) Importer(815301076,1909f56bfc062723c751e8b465ee728b)
Start importing Assets/UI/Charakter hoofd.png using Guid(32026811e002b004b81dc209bee78a9b) Importer(815301076,1909f56bfc062723c751e8b465ee728b)  -> (artifact id: 'd94323bf3567e0b0ea16fbee923a4c20') in 0.096292 seconds
  Import took 0.099042 seconds .

========================================================================
Received Import Request.
  Time since last request: 0.000467 seconds.
  path: Assets/UI/Kleur_health bar.png
  artifactKey: Guid(830065484395a7948b1d47b392bd1592) Importer(815301076,1909f56bfc062723c751e8b465ee728b)
Start importing Assets/UI/Kleur_health bar.png using Guid(830065484395a7948b1d47b392bd1592) Importer(815301076,1909f56bfc062723c751e8b465ee728b)  -> (artifact id: 'ee19f8dd0c2d888f0d34ea792a411a56') in 0.013709 seconds
  Import took 0.016346 seconds .

========================================================================
Received Import Request.
  Time since last request: 0.000474 seconds.
  path: Assets/UI/HealthBar.png
  artifactKey: Guid(bca4bc5b585ddb444ac0c769d2e630ac) Importer(815301076,1909f56bfc062723c751e8b465ee728b)
Start importing Assets/UI/HealthBar.png using Guid(bca4bc5b585ddb444ac0c769d2e630ac) Importer(815301076,1909f56bfc062723c751e8b465ee728b)  -> (artifact id: '2d8b8d127437a5ec3994dcd004bab5e2') in 0.016572 seconds
  Import took 0.019412 seconds .

========================================================================
Received Import Request.
  Time since last request: 0.000495 seconds.
  path: Assets/UI/Zwarte outline_health bar.png
  artifactKey: Guid(3bfffefe809fa7f4aa73d39bcd466f12) Importer(815301076,1909f56bfc062723c751e8b465ee728b)
Start importing Assets/UI/Zwarte outline_health bar.png using Guid(3bfffefe809fa7f4aa73d39bcd466f12) Importer(815301076,1909f56bfc062723c751e8b465ee728b)  -> (artifact id: '0a8987a8ab5574e491224112ecbf6c6a') in 0.016688 seconds
  Import took 0.019911 seconds .

========================================================================
Received Import Request.
  Time since last request: 0.000512 seconds.
  path: Assets/UI/Letters_Kega.png
  artifactKey: Guid(b1c7eb853072fd84d84eed177b8f333c) Importer(815301076,1909f56bfc062723c751e8b465ee728b)
Start importing Assets/UI/Letters_Kega.png using Guid(b1c7eb853072fd84d84eed177b8f333c) Importer(815301076,1909f56bfc062723c751e8b465ee728b)  -> (artifact id: '25ddd22cf8b1542b86cf293caaed8ee3') in 0.014183 seconds
  Import took 0.017936 seconds .

========================================================================
Received Import Request.
  Time since last request: 0.000502 seconds.
  path: Assets/UI/unknown (15).png
  artifactKey: Guid(41e28db7a1704bd41b6970ddccb80e0f) Importer(815301076,1909f56bfc062723c751e8b465ee728b)
Start importing Assets/UI/unknown (15).png using Guid(41e28db7a1704bd41b6970ddccb80e0f) Importer(815301076,1909f56bfc062723c751e8b465ee728b)  -> (artifact id: '96b4a285f9e34ece16f97b5b8a304417') in 0.030339 seconds
  Import took 0.034852 seconds .

========================================================================
Received Import Request.
  Time since last request: 22.646261 seconds.
  path: Assets/UI/space sterrenhemel.mp4
  artifactKey: Guid(dc9dde08a5f9e7446a263a6a128426ad) Importer(815301076,1909f56bfc062723c751e8b465ee728b)
Start importing Assets/UI/space sterrenhemel.mp4 using Guid(dc9dde08a5f9e7446a263a6a128426ad) Importer(815301076,1909f56bfc062723c751e8b465ee728b)  -> (artifact id: '1a74e8836f21117613df83a6805d5722') in 0.008996 seconds
  Import took 0.011695 seconds .

========================================================================
Received Import Request.
  Time since last request: 0.000721 seconds.
  path: Assets/UI/space sterrenhemel.mp4
  artifactKey: Guid(dc9dde08a5f9e7446a263a6a128426ad) Importer(815301076,1909f56bfc062723c751e8b465ee728b)
Start importing Assets/UI/space sterrenhemel.mp4 using Guid(dc9dde08a5f9e7446a263a6a128426ad) Importer(815301076,1909f56bfc062723c751e8b465ee728b)  -> (artifact id: '1a74e8836f21117613df83a6805d5722') in 0.005335 seconds
  Import took 0.008201 seconds .

========================================================================
Received Prepare
Registering precompiled user dll's ...
Registered in 0.005102 seconds.
Begin MonoManager ReloadAssembly
Native extension for WindowsStandalone target not found
Refreshing native plugins compatible for Editor in 0.32 ms, found 2 plugins.
Preloading 0 native plugins for Editor in 0.00 ms.
Mono: successfully reloaded assembly
- Completed reload, in  0.918 seconds
Platform modules already initialized, skipping
Refreshing native plugins compatible for Editor in 0.39 ms, found 2 plugins.
Preloading 0 native plugins for Editor in 0.00 ms.
Unloading 1492 Unused Serialized files (Serialized files now loaded: 0)
System memory in use before: 76.4 MB.
System memory in use after: 76.5 MB.

Unloading 13 unused Assets to reduce memory usage. Loaded Objects now: 1987.
Total: 2.014600 ms (FindLiveObjects: 0.180500 ms CreateObjectMapping: 0.061900 ms MarkObjects: 1.754200 ms  DeleteObjects: 0.015800 ms)

========================================================================
Received Import Request.
  Time since last request: 736.652831 seconds.
  path: Assets/Scenes
  artifactKey: Guid(c3934b62dad4b06478c56d9c1e18b64d) Importer(815301076,1909f56bfc062723c751e8b465ee728b)
Start importing Assets/Scenes using Guid(c3934b62dad4b06478c56d9c1e18b64d) Importer(815301076,1909f56bfc062723c751e8b465ee728b)  -> (artifact id: '1eafc1e80825bbb8b697eaad5ecbfcb7') in 0.007828 seconds
  Import took 0.011097 seconds .

========================================================================
Received Import Request.
  Time since last request: 1.085170 seconds.
  path: Assets/Scenes/Levels
  artifactKey: Guid(56fdc4d2319c45d42a9033ede2458660) Importer(815301076,1909f56bfc062723c751e8b465ee728b)
Start importing Assets/Scenes/Levels using Guid(56fdc4d2319c45d42a9033ede2458660) Importer(815301076,1909f56bfc062723c751e8b465ee728b)  -> (artifact id: '190ec532684a40933c964f4e336b1c7c') in 0.004545 seconds
  Import took 0.007969 seconds .

========================================================================
Received Prepare
Registering precompiled user dll's ...
Registered in 0.005695 seconds.
Begin MonoManager ReloadAssembly
Native extension for WindowsStandalone target not found
Refreshing native plugins compatible for Editor in 0.42 ms, found 2 plugins.
Preloading 0 native plugins for Editor in 0.00 ms.
Mono: successfully reloaded assembly
- Completed reload, in  0.929 seconds
Platform modules already initialized, skipping
Refreshing native plugins compatible for Editor in 0.36 ms, found 2 plugins.
Preloading 0 native plugins for Editor in 0.00 ms.
Unloading 1492 Unused Serialized files (Serialized files now loaded: 0)
System memory in use before: 76.4 MB.
System memory in use after: 76.5 MB.

Unloading 13 unused Assets to reduce memory usage. Loaded Objects now: 1990.
Total: 3.243900 ms (FindLiveObjects: 0.173400 ms CreateObjectMapping: 0.066300 ms MarkObjects: 2.966600 ms  DeleteObjects: 0.036300 ms)

========================================================================
Received Import Request.
  Time since last request: 19.360190 seconds.
  path: Assets/Scenes/Levels/Dialogue.unity
  artifactKey: Guid(c6485f4e4745a8344b56488ddc38ad9e) Importer(815301076,1909f56bfc062723c751e8b465ee728b)
Start importing Assets/Scenes/Levels/Dialogue.unity using Guid(c6485f4e4745a8344b56488ddc38ad9e) Importer(815301076,1909f56bfc062723c751e8b465ee728b)  -> (artifact id: '1e2413041b2d86a083ddeaa19ea7e745') in 0.017416 seconds
  Import took 0.020962 seconds .

========================================================================
Received Import Request.
  Time since last request: 10.656173 seconds.
  path: Assets/Scenes/Menu/MainMenu.unity
  artifactKey: Guid(9fc0d4010bbf28b4594072e72b8655ab) Importer(815301076,1909f56bfc062723c751e8b465ee728b)
Start importing Assets/Scenes/Menu/MainMenu.unity using Guid(9fc0d4010bbf28b4594072e72b8655ab) Importer(815301076,1909f56bfc062723c751e8b465ee728b)  -> (artifact id: '98b6de2042c24439401fec289272c87c') in 0.005494 seconds
  Import took 0.008064 seconds .

========================================================================
Received Import Request.
  Time since last request: 24.520621 seconds.
  path: Assets/Scenes/Levels/Level1.unity
  artifactKey: Guid(285126593da7cc24fa1b8a66a6fcfacf) Importer(815301076,1909f56bfc062723c751e8b465ee728b)
Start importing Assets/Scenes/Levels/Level1.unity using Guid(285126593da7cc24fa1b8a66a6fcfacf) Importer(815301076,1909f56bfc062723c751e8b465ee728b)  -> (artifact id: '2ee8ae5e76b530198cab438dbbc8575b') in 0.006973 seconds
  Import took 0.010217 seconds .

========================================================================
Received Import Request.
  Time since last request: 22.244814 seconds.
  path: Assets/SoundEffects
  artifactKey: Guid(74eca04bc5d9e304c858a5d43c353e1b) Importer(815301076,1909f56bfc062723c751e8b465ee728b)
Start importing Assets/SoundEffects using Guid(74eca04bc5d9e304c858a5d43c353e1b) Importer(815301076,1909f56bfc062723c751e8b465ee728b)  -> (artifact id: 'c2e9778f9b5e8be1060b414c84e6aa8c') in 0.005705 seconds
  Import took 0.008779 seconds .

========================================================================
Received Import Request.
  Time since last request: 0.049386 seconds.
  path: Assets/SoundEffects/HoverButton.wav
  artifactKey: Guid(b7f30ce0fb4e0564da15689facbb74c6) Importer(815301076,1909f56bfc062723c751e8b465ee728b)
Start importing Assets/SoundEffects/HoverButton.wav using Guid(b7f30ce0fb4e0564da15689facbb74c6) Importer(815301076,1909f56bfc062723c751e8b465ee728b)  -> (artifact id: '89f0408c741c1143f9f2264ccb23b527') in 0.086753 seconds
  Import took 0.089761 seconds .

========================================================================
Received Import Request.
  Time since last request: 0.000476 seconds.
  path: Assets/SoundEffects/PressButton.wav
  artifactKey: Guid(5267caed1b280d04e80e14d88cafd199) Importer(815301076,1909f56bfc062723c751e8b465ee728b)
Start importing Assets/SoundEffects/PressButton.wav using Guid(5267caed1b280d04e80e14d88cafd199) Importer(815301076,1909f56bfc062723c751e8b465ee728b)  -> (artifact id: '85f440d949e71f3b72055561768d30c3') in 0.009550 seconds
  Import took 0.013357 seconds .

========================================================================
Received Prepare
Registering precompiled user dll's ...
Registered in 0.006494 seconds.
Begin MonoManager ReloadAssembly
Native extension for WindowsStandalone target not found
Refreshing native plugins compatible for Editor in 0.32 ms, found 2 plugins.
Preloading 0 native plugins for Editor in 0.00 ms.
Mono: successfully reloaded assembly
- Completed reload, in  0.941 seconds
Platform modules already initialized, skipping
Refreshing native plugins compatible for Editor in 0.40 ms, found 2 plugins.
Preloading 0 native plugins for Editor in 0.00 ms.
Unloading 1492 Unused Serialized files (Serialized files now loaded: 0)
System memory in use before: 76.5 MB.
System memory in use after: 76.6 MB.

Unloading 13 unused Assets to reduce memory usage. Loaded Objects now: 2000.
Total: 1.863700 ms (FindLiveObjects: 0.157500 ms CreateObjectMapping: 0.051800 ms MarkObjects: 1.636600 ms  DeleteObjects: 0.016100 ms)

========================================================================
Received Import Request.
  Time since last request: 9.916787 seconds.
  path: Assets/SoundEffects/86005__nextmaking__landing-on-the-ground.aiff
  artifactKey: Guid(a6e0d173701cb9c47bf41359c8c8e4e8) Importer(815301076,1909f56bfc062723c751e8b465ee728b)
Start importing Assets/SoundEffects/86005__nextmaking__landing-on-the-ground.aiff using Guid(a6e0d173701cb9c47bf41359c8c8e4e8) Importer(815301076,1909f56bfc062723c751e8b465ee728b)  -> (artifact id: '7f0ed99edc9e72c698dd334e12d38baf') in 0.047552 seconds
  Import took 0.050222 seconds .

========================================================================
Received Prepare
Registering precompiled user dll's ...
Registered in 0.005794 seconds.
Begin MonoManager ReloadAssembly
Native extension for WindowsStandalone target not found
Refreshing native plugins compatible for Editor in 0.33 ms, found 2 plugins.
Preloading 0 native plugins for Editor in 0.00 ms.
Mono: successfully reloaded assembly
- Completed reload, in  0.951 seconds
Platform modules already initialized, skipping
Refreshing native plugins compatible for Editor in 0.36 ms, found 2 plugins.
Preloading 0 native plugins for Editor in 0.00 ms.
Unloading 1492 Unused Serialized files (Serialized files now loaded: 0)
System memory in use before: 76.5 MB.
System memory in use after: 76.6 MB.

Unloading 13 unused Assets to reduce memory usage. Loaded Objects now: 2004.
Total: 2.117000 ms (FindLiveObjects: 0.144200 ms CreateObjectMapping: 0.047300 ms MarkObjects: 1.904200 ms  DeleteObjects: 0.020300 ms)

========================================================================
Received Prepare
Registering precompiled user dll's ...
Registered in 0.005682 seconds.
Begin MonoManager ReloadAssembly
Native extension for WindowsStandalone target not found
Refreshing native plugins compatible for Editor in 0.33 ms, found 2 plugins.
Preloading 0 native plugins for Editor in 0.00 ms.
Mono: successfully reloaded assembly
- Completed reload, in  1.035 seconds
Platform modules already initialized, skipping
Refreshing native plugins compatible for Editor in 0.72 ms, found 2 plugins.
Preloading 0 native plugins for Editor in 0.00 ms.
Unloading 1492 Unused Serialized files (Serialized files now loaded: 0)
System memory in use before: 76.5 MB.
System memory in use after: 76.6 MB.

Unloading 13 unused Assets to reduce memory usage. Loaded Objects now: 2007.
Total: 3.425500 ms (FindLiveObjects: 0.317600 ms CreateObjectMapping: 0.103500 ms MarkObjects: 2.967200 ms  DeleteObjects: 0.034400 ms)

========================================================================
Received Import Request.
  Time since last request: 154.776555 seconds.
  path: Assets/Prefabs/Boundary.prefab
  artifactKey: Guid(acdf404ed62c2e9459b3be8efc0d5a7c) Importer(815301076,1909f56bfc062723c751e8b465ee728b)
Start importing Assets/Prefabs/Boundary.prefab using Guid(acdf404ed62c2e9459b3be8efc0d5a7c) Importer(815301076,1909f56bfc062723c751e8b465ee728b)  -> (artifact id: '399ac6164221d65e08bbdabc4052ae02') in 0.053553 seconds
  Import took 0.056198 seconds .

========================================================================
Received Import Request.
  Time since last request: 0.000422 seconds.
  path: Assets/Prefabs/Nomu.prefab
  artifactKey: Guid(a50936d737227ff4e9a8fd3029de7d95) Importer(815301076,1909f56bfc062723c751e8b465ee728b)
Start importing Assets/Prefabs/Nomu.prefab using Guid(a50936d737227ff4e9a8fd3029de7d95) Importer(815301076,1909f56bfc062723c751e8b465ee728b)  -> (artifact id: '9c09701bfa8be133e5fdfebe33140610') in 0.015490 seconds
  Import took 0.018701 seconds .

========================================================================
Received Import Request.
  Time since last request: 0.000446 seconds.
  path: Assets/Prefabs/Goonki.prefab
  artifactKey: Guid(728902c2cf3ee4f45bee0c2190507332) Importer(815301076,1909f56bfc062723c751e8b465ee728b)
Start importing Assets/Prefabs/Goonki.prefab using Guid(728902c2cf3ee4f45bee0c2190507332) Importer(815301076,1909f56bfc062723c751e8b465ee728b)  -> (artifact id: '9fe40eeedbb0515733fb4704d62b3e57') in 0.011432 seconds
  Import took 0.014651 seconds .

========================================================================
Received Import Request.
  Time since last request: 0.000425 seconds.
  path: Assets/Prefabs/Krillon.prefab
  artifactKey: Guid(d4f21ffd24554904b845f22681001361) Importer(815301076,1909f56bfc062723c751e8b465ee728b)
Start importing Assets/Prefabs/Krillon.prefab using Guid(d4f21ffd24554904b845f22681001361) Importer(815301076,1909f56bfc062723c751e8b465ee728b)  -> (artifact id: '48e1584b0e51fcc325c72ceefa180438') in 0.013380 seconds
  Import took 0.016585 seconds .

========================================================================
Received Import Request.
  Time since last request: 0.000477 seconds.
  path: Assets/Prefabs/MainMenu.prefab
  artifactKey: Guid(035b219c90d5a854e91336e17fb49035) Importer(815301076,1909f56bfc062723c751e8b465ee728b)
Start importing Assets/Prefabs/MainMenu.prefab using Guid(035b219c90d5a854e91336e17fb49035) Importer(815301076,1909f56bfc062723c751e8b465ee728b)  -> (artifact id: 'f152467fc0707e04ced5f53188441e87') in 0.036260 seconds
  Import took 0.039651 seconds .

========================================================================
Received Import Request.
  Time since last request: 9.574560 seconds.
  path: Assets/Platfrom1Text. (9).prefab
  artifactKey: Guid(21c48b62983c90f47b4016128f6cfa8f) Importer(815301076,1909f56bfc062723c751e8b465ee728b)
Start importing Assets/Platfrom1Text. (9).prefab using Guid(21c48b62983c90f47b4016128f6cfa8f) Importer(815301076,1909f56bfc062723c751e8b465ee728b)  -> (artifact id: '7a72793735f901195cb86bf315f2b192') in 0.030266 seconds
  Import took 0.033990 seconds .

========================================================================
Received Import Request.
  Time since last request: 4.698528 seconds.
  path: Assets/Prefabs
  artifactKey: Guid(f4b312503c5d4a649826d09593c9ea10) Importer(815301076,1909f56bfc062723c751e8b465ee728b)
Start importing Assets/Prefabs using Guid(f4b312503c5d4a649826d09593c9ea10) Importer(815301076,1909f56bfc062723c751e8b465ee728b)  -> (artifact id: '09f6e5cf60c2a4e25aac9d22b4c2cf53') in 0.003322 seconds
  Import took 0.006097 seconds .

========================================================================
Received Import Request.
  Time since last request: 0.000684 seconds.
  path: Assets/Prefabs
  artifactKey: Guid(f4b312503c5d4a649826d09593c9ea10) Importer(815301076,1909f56bfc062723c751e8b465ee728b)
Start importing Assets/Prefabs using Guid(f4b312503c5d4a649826d09593c9ea10) Importer(815301076,1909f56bfc062723c751e8b465ee728b)  -> (artifact id: '09f6e5cf60c2a4e25aac9d22b4c2cf53') in 0.003540 seconds
  Import took 0.006623 seconds .

========================================================================
Received Prepare
Registering precompiled user dll's ...
Registered in 0.008540 seconds.
Begin MonoManager ReloadAssembly
Native extension for WindowsStandalone target not found
Refreshing native plugins compatible for Editor in 0.33 ms, found 2 plugins.
Preloading 0 native plugins for Editor in 0.00 ms.
Mono: successfully reloaded assembly
- Completed reload, in  1.051 seconds
Platform modules already initialized, skipping
Refreshing native plugins compatible for Editor in 0.35 ms, found 2 plugins.
Preloading 0 native plugins for Editor in 0.00 ms.
Unloading 1493 Unused Serialized files (Serialized files now loaded: 0)
System memory in use before: 76.7 MB.
System memory in use after: 76.8 MB.

Unloading 17 unused Assets to reduce memory usage. Loaded Objects now: 2017.
Total: 1.971600 ms (FindLiveObjects: 0.176500 ms CreateObjectMapping: 0.052300 ms MarkObjects: 1.710400 ms  DeleteObjects: 0.030800 ms)

========================================================================
Received Prepare
Registering precompiled user dll's ...
Registered in 0.006427 seconds.
Begin MonoManager ReloadAssembly
Native extension for WindowsStandalone target not found
Refreshing native plugins compatible for Editor in 0.35 ms, found 2 plugins.
Preloading 0 native plugins for Editor in 0.00 ms.
Mono: successfully reloaded assembly
- Completed reload, in  0.989 seconds
Platform modules already initialized, skipping
Refreshing native plugins compatible for Editor in 0.50 ms, found 2 plugins.
Preloading 0 native plugins for Editor in 0.00 ms.
Unloading 1493 Unused Serialized files (Serialized files now loaded: 0)
System memory in use before: 76.7 MB.
System memory in use after: 76.8 MB.

Unloading 13 unused Assets to reduce memory usage. Loaded Objects now: 2020.
Total: 2.196800 ms (FindLiveObjects: 0.155400 ms CreateObjectMapping: 0.049700 ms MarkObjects: 1.974200 ms  DeleteObjects: 0.016500 ms)

========================================================================
Received Import Request.
  Time since last request: 380.826329 seconds.
  path: Assets/UI/backtoMeny.png
  artifactKey: Guid(619993781a911774483c62fb04d9dc1e) Importer(815301076,1909f56bfc062723c751e8b465ee728b)
Start importing Assets/UI/backtoMeny.png using Guid(619993781a911774483c62fb04d9dc1e) Importer(815301076,1909f56bfc062723c751e8b465ee728b)  -> (artifact id: 'ee1053a067a3926c3b2a3431655ea9b3') in 0.033366 seconds
  Import took 0.036147 seconds .

========================================================================
Received Import Request.
  Time since last request: 0.000411 seconds.
  path: Assets/UI/win_screen_achtergrond.png
  artifactKey: Guid(8b5c3044bcaf99e4a99fb150166cc691) Importer(815301076,1909f56bfc062723c751e8b465ee728b)
Start importing Assets/UI/win_screen_achtergrond.png using Guid(8b5c3044bcaf99e4a99fb150166cc691) Importer(815301076,1909f56bfc062723c751e8b465ee728b)  -> (artifact id: 'b5391194421b67c1b49d2ad179ae548d') in 0.015761 seconds
  Import took 0.018608 seconds .

========================================================================
Received Import Request.
  Time since last request: 0.000422 seconds.
  path: Assets/UI/WinScreenBalk.png
  artifactKey: Guid(068d4380c1d8e86468c2769cababc2bb) Importer(815301076,1909f56bfc062723c751e8b465ee728b)
Start importing Assets/UI/WinScreenBalk.png using Guid(068d4380c1d8e86468c2769cababc2bb) Importer(815301076,1909f56bfc062723c751e8b465ee728b)  -> (artifact id: 'c55c062cf9625ace7e6e1f8f98e87504') in 0.009694 seconds
  Import took 0.013572 seconds .

========================================================================
Received Import Request.
  Time since last request: 0.000458 seconds.
  path: Assets/UI/Win_screen_planten_buitenkant.png
  artifactKey: Guid(9531f84017afe2c479e499c2f3b9f063) Importer(815301076,1909f56bfc062723c751e8b465ee728b)
Start importing Assets/UI/Win_screen_planten_buitenkant.png using Guid(9531f84017afe2c479e499c2f3b9f063) Importer(815301076,1909f56bfc062723c751e8b465ee728b)  -> (artifact id: 'f96e509727b996303f0b08e72d54f32a') in 0.012094 seconds
  Import took 0.015526 seconds .

========================================================================
Received Import Request.
  Time since last request: 0.000689 seconds.
  path: Assets/UI/YouWon.png
  artifactKey: Guid(fd03ecda356c04b42b4a83ed3b87d84d) Importer(815301076,1909f56bfc062723c751e8b465ee728b)
Start importing Assets/UI/YouWon.png using Guid(fd03ecda356c04b42b4a83ed3b87d84d) Importer(815301076,1909f56bfc062723c751e8b465ee728b)  -> (artifact id: 'cf5b730b0646111d74cf4367321c2f2a') in 0.013143 seconds
  Import took 0.017146 seconds .

========================================================================
Received Import Request.
  Time since last request: 69.718967 seconds.
  path: Assets/UI/backtoMeny.png
  artifactKey: Guid(619993781a911774483c62fb04d9dc1e) Importer(815301076,1909f56bfc062723c751e8b465ee728b)
Start importing Assets/UI/backtoMeny.png using Guid(619993781a911774483c62fb04d9dc1e) Importer(815301076,1909f56bfc062723c751e8b465ee728b)  -> (artifact id: '154cc9e4518d44966c085faa85d0289f') in 0.031841 seconds
  Import took 0.035553 seconds .

========================================================================
Received Import Request.
  Time since last request: 0.000387 seconds.
  path: Assets/UI/win_screen_achtergrond.png
  artifactKey: Guid(8b5c3044bcaf99e4a99fb150166cc691) Importer(815301076,1909f56bfc062723c751e8b465ee728b)
Start importing Assets/UI/win_screen_achtergrond.png using Guid(8b5c3044bcaf99e4a99fb150166cc691) Importer(815301076,1909f56bfc062723c751e8b465ee728b)  -> (artifact id: '64bc1ae06cbcb5be4cd08902bbe86dfb') in 0.015249 seconds
  Import took 0.018618 seconds .

========================================================================
Received Import Request.
  Time since last request: 0.000476 seconds.
  path: Assets/UI/WinScreenBalk.png
  artifactKey: Guid(068d4380c1d8e86468c2769cababc2bb) Importer(815301076,1909f56bfc062723c751e8b465ee728b)
Start importing Assets/UI/WinScreenBalk.png using Guid(068d4380c1d8e86468c2769cababc2bb) Importer(815301076,1909f56bfc062723c751e8b465ee728b)  -> (artifact id: '8d24bdc038f41153e63e805ba95328bf') in 0.011273 seconds
  Import took 0.014198 seconds .

========================================================================
Received Import Request.
  Time since last request: 0.000412 seconds.
  path: Assets/UI/Win_screen_planten_buitenkant.png
  artifactKey: Guid(9531f84017afe2c479e499c2f3b9f063) Importer(815301076,1909f56bfc062723c751e8b465ee728b)
Start importing Assets/UI/Win_screen_planten_buitenkant.png using Guid(9531f84017afe2c479e499c2f3b9f063) Importer(815301076,1909f56bfc062723c751e8b465ee728b)  -> (artifact id: '34cd53d5da2979ef3f4ac7c0c50a2607') in 0.018770 seconds
  Import took 0.022538 seconds .

========================================================================
Received Import Request.
  Time since last request: 0.000682 seconds.
  path: Assets/UI/YouWon.png
  artifactKey: Guid(fd03ecda356c04b42b4a83ed3b87d84d) Importer(815301076,1909f56bfc062723c751e8b465ee728b)
Start importing Assets/UI/YouWon.png using Guid(fd03ecda356c04b42b4a83ed3b87d84d) Importer(815301076,1909f56bfc062723c751e8b465ee728b)  -> (artifact id: 'd44e2ab116611d224dc3298b915c9e43') in 0.010516 seconds
  Import took 0.013692 seconds .

========================================================================
Received Prepare
Registering precompiled user dll's ...
Registered in 0.005301 seconds.
Begin MonoManager ReloadAssembly
Native extension for WindowsStandalone target not found
Refreshing native plugins compatible for Editor in 0.35 ms, found 2 plugins.
Preloading 0 native plugins for Editor in 0.00 ms.
Mono: successfully reloaded assembly
- Completed reload, in  1.042 seconds
Platform modules already initialized, skipping
Refreshing native plugins compatible for Editor in 0.38 ms, found 2 plugins.
Preloading 0 native plugins for Editor in 0.00 ms.
Unloading 1494 Unused Serialized files (Serialized files now loaded: 0)
System memory in use before: 76.8 MB.
System memory in use after: 76.9 MB.

Unloading 13 unused Assets to reduce memory usage. Loaded Objects now: 2029.
Total: 2.336700 ms (FindLiveObjects: 0.194300 ms CreateObjectMapping: 0.056500 ms MarkObjects: 2.066100 ms  DeleteObjects: 0.018000 ms)

========================================================================
Received Prepare
Registering precompiled user dll's ...
Registered in 0.005864 seconds.
Begin MonoManager ReloadAssembly
Native extension for WindowsStandalone target not found
Refreshing native plugins compatible for Editor in 0.35 ms, found 2 plugins.
Preloading 0 native plugins for Editor in 0.00 ms.
Mono: successfully reloaded assembly
- Completed reload, in  0.948 seconds
Platform modules already initialized, skipping
Refreshing native plugins compatible for Editor in 0.37 ms, found 2 plugins.
Preloading 0 native plugins for Editor in 0.00 ms.
Unloading 1494 Unused Serialized files (Serialized files now loaded: 0)
System memory in use before: 76.8 MB.
System memory in use after: 76.9 MB.

Unloading 13 unused Assets to reduce memory usage. Loaded Objects now: 2032.
Total: 2.320400 ms (FindLiveObjects: 0.166700 ms CreateObjectMapping: 0.055500 ms MarkObjects: 2.076300 ms  DeleteObjects: 0.020200 ms)

AssetImportWorkerClient::OnTransportError - code=2 error=End of file
